<?xml version="1.0" encoding="UTF-8"?>
<!-- Generated by org.testng.reporters.JUnitXMLReporter -->
<testsuite ignored="3" hostname="DESKTOP-HI5SB2Q" failures="0" tests="1" name="Default test" time="11.073" errors="0" timestamp="2025-04-02T21:11:13 IST">
  <testcase classname="SecureFileSharing.FileSharing" name="login" time="3.277"/>
  <testcase classname="SecureFileSharing.FileSharing" name="Teadown" time="0.0">
    <ignored/>
  </testcase> <!-- Teadown -->
  <testcase classname="SecureFileSharing.FileSharing" name="Signup" time="0.0">
    <ignored/>
  </testcase> <!-- Signup -->
  <testcase classname="SecureFileSharing.FileSharing" name="uploadFile" time="0.0">
    <ignored/>
  </testcase> <!-- uploadFile -->
</testsuite> <!-- Default test -->
