<?xml version="1.0" encoding="UTF-8"?>
<testng-results ignored="3" total="4" passed="1" failed="0" skipped="0">
  <reporter-output>
  </reporter-output>
  <suite started-at="2025-04-02T21:11:02 IST" name="Default suite" finished-at="2025-04-02T21:11:13 IST" duration-ms="11073">
    <groups>
    </groups>
    <test started-at="2025-04-02T21:11:02 IST" name="Default test" finished-at="2025-04-02T21:11:13 IST" duration-ms="11073">
      <class name="SecureFileSharing.FileSharing">
        <test-method is-config="true" signature="setup()[pri:0, instance:SecureFileSharing.FileSharing@73eb439a]" started-at="2025-04-02T21:11:02 IST" name="setup" finished-at="2025-04-02T21:11:09 IST" duration-ms="7643" status="PASS">
          <reporter-output>
          </reporter-output>
        </test-method> <!-- setup -->
        <test-method signature="login()[pri:1, instance:SecureFileSharing.FileSharing@73eb439a]" started-at="2025-04-02T21:11:09 IST" name="login" finished-at="2025-04-02T21:11:13 IST" duration-ms="3277" status="PASS">
          <reporter-output>
          </reporter-output>
        </test-method> <!-- login -->
      </class> <!-- SecureFileSharing.FileSharing -->
    </test> <!-- Default test -->
  </suite> <!-- Default suite -->
</testng-results>
