<?xml version="1.0" encoding="UTF-8"?>
<!-- Generated by org.testng.reporters.JUnitReportReporter -->
<testsuite hostname="DESKTOP-HI5SB2Q" failures="0" tests="2" name="SecureFileSharing.FileSharing" time="10.920" errors="0" timestamp="2025-04-02T21:11:13 IST" skipped="1">
  <testcase classname="SecureFileSharing.FileSharing" name="login" time="10.920"/>
  <system-out/>
  <testcase classname="SecureFileSharing.FileSharing" name="Signup">
    <skipped/>
  </testcase> <!-- Signup -->
  <system-out/>
</testsuite> <!-- SecureFileSharing.FileSharing -->
